TN:
SF:src/compare.js
FN:4,default
FNF:1
FNH:1
FNDA:1,default
DA:1,1
DA:2,1
DA:3,1
DA:4,1
DA:5,1
DA:6,1
DA:7,1
DA:8,1
DA:9,1
DA:10,1
DA:11,5
DA:12,5
DA:13,5
DA:14,5
DA:15,1
DA:16,1
DA:17,1
DA:18,4
DA:19,5
DA:20,1
DA:21,1
DA:22,1
DA:23,3
DA:24,5
DA:25,2
DA:26,2
DA:27,2
DA:28,1
DA:29,1
DA:30,1
DA:31,1
DA:32,1
DA:33,1
DA:34,1
DA:35,1
DA:36,1
LF:36
LH:36
BRDA:4,0,0,1
BRDA:10,1,0,5
BRDA:14,2,0,1
BRDA:18,3,0,4
BRDA:19,4,0,1
BRDA:23,5,0,3
BRDA:24,6,0,2
BRDA:28,7,0,1
BRF:8
BRH:8
end_of_record
TN:
SF:src/logic.js
FN:6,genDiff
FN:7,findFile
FNF:2
FNH:2
FNDA:1,genDiff
FNDA:2,findFile
DA:1,1
DA:2,1
DA:3,1
DA:4,1
DA:5,1
DA:6,1
DA:7,1
DA:8,1
DA:9,1
DA:10,1
DA:11,1
DA:12,1
DA:13,1
DA:14,1
DA:15,1
DA:16,1
DA:17,1
LF:17
LH:17
BRDA:6,0,0,1
BRDA:7,1,0,2
BRF:2
BRH:2
end_of_record
